<?xml version="1.0" encoding="UTF-8"?>
<!-- Generated by org.testng.reporters.JUnitReportReporter -->
<testsuite hostname="Simran-MacBook-Pro.local" failures="0" tests="1" name="Practice_set.Annotations" time="4.630" errors="0" timestamp="2025-08-27T13:43:14 IST" skipped="0">
  <testcase classname="Practice_set.Annotations" name="login" time="4.630"/>
</testsuite> <!-- Practice_set.Annotations -->
