<?xml version="1.0" encoding="UTF-8"?>
<!-- Generated by org.testng.reporters.JUnitReportReporter -->
<testsuite hostname="Simran-MacBook-Pro.local" failures="0" tests="1" name="Practice_set.product_page" time="0.154" errors="0" timestamp="2025-08-27T13:43:14 IST" skipped="0">
  <testcase classname="Practice_set.product_page" name="verifytitle" time="0.154"/>
</testsuite> <!-- Practice_set.product_page -->
