<?xml version="1.0" encoding="UTF-8"?>
<!-- Generated by org.testng.reporters.JUnitReportReporter -->
<testsuite hostname="Simran-MacBook-Pro.local" failures="0" tests="1" name="PageFactory.login_test_case" time="14.909" errors="0" timestamp="2025-08-27T15:25:48 IST" skipped="0">
  <testcase classname="PageFactory.login_test_case" name="login" time="14.909"/>
</testsuite> <!-- PageFactory.login_test_case -->
